# JRE version: OpenJDK Runtime Environment (11.0.10) (build 11.0.10+0-b96-7249189)
# Java VM: OpenJDK 64-Bit Server VM (11.0.10+0-b96-7249189, mixed mode, tiered, compressed oops, g1 gc, windows-amd64)
Heap:
 garbage-first heap   total 194560K, used 18503K [0x00000000a0000000, 0x0000000100000000)
  region size 1024K, 3 young (3072K), 3 survivors (3072K)
 Metaspace       used 27864K, capacity 28467K, committed 28544K, reserved 1081344K
  class space    used 3688K, capacity 3910K, committed 3968K, reserved 1048576K
GC Heap History (6 events):
Event: 1.051 GC heap before
{Heap before GC invocations=0 (full 0):
 garbage-first heap   total 194560K, used 29696K [0x00000000a0000000, 0x0000000100000000)
  region size 1024K, 24 young (24576K), 0 survivors (0K)
 Metaspace       used 10755K, capacity 11064K, committed 11264K, reserved 1058816K
  class space    used 1135K, capacity 1200K, committed 1280K, reserved 1048576K
}
Event: 1.059 GC heap after
{Heap after GC invocations=1 (full 0):
 garbage-first heap   total 194560K, used 8683K [0x00000000a0000000, 0x0000000100000000)
  region size 1024K, 3 young (3072K), 3 survivors (3072K)
 Metaspace       used 10755K, capacity 11064K, committed 11264K, reserved 1058816K
  class space    used 1135K, capacity 1200K, committed 1280K, reserved 1048576K
}
Event: 3.598 GC heap before
{Heap before GC invocations=1 (full 0):
 garbage-first heap   total 194560K, used 91627K [0x00000000a0000000, 0x0000000100000000)
  region size 1024K, 86 young (88064K), 3 survivors (3072K)
 Metaspace       used 20630K, capacity 21123K, committed 21248K, reserved 1067008K
  class space    used 2547K, capacity 2693K, committed 2816K, reserved 1048576K
}
Event: 3.638 GC heap after
{Heap after GC invocations=2 (full 0):
 garbage-first heap   total 194560K, used 15677K [0x00000000a0000000, 0x0000000100000000)
  region size 1024K, 10 young (10240K), 10 survivors (10240K)
 Metaspace       used 20630K, capacity 21123K, committed 21248K, reserved 1067008K
  class space    used 2547K, capacity 2693K, committed 2816K, reserved 1048576K
}
Event: 4.087 GC heap before
{Heap before GC invocations=3 (full 0):
 garbage-first heap   total 194560K, used 37181K [0x00000000a0000000, 0x0000000100000000)
  region size 1024K, 31 young (31744K), 10 survivors (10240K)
 Metaspace       used 22591K, capacity 23111K, committed 23296K, reserved 1069056K
  class space    used 2880K, capacity 3059K, committed 3072K, reserved 1048576K
}
Event: 4.095 GC heap after
{Heap after GC invocations=4 (full 0):
 garbage-first heap   total 194560K, used 17075K [0x00000000a0000000, 0x0000000100000000)
  region size 1024K, 2 young (2048K), 2 survivors (2048K)
 Metaspace       used 22591K, capacity 23111K, committed 23296K, reserved 1069056K
  class space    used 2880K, capacity 3059K, committed 3072K, reserved 1048576K
}

